D:\MANISHPRASHANT\DAY6\DAY6\DEBUG\MAIN.OBJ
D:\MANISHPRASHANT\DAY6\DAY6\DEBUG\VC110.PDB
D:\MANISHPRASHANT\DAY6\DEBUG\DAY6.ILK
D:\MANISHPRASHANT\DAY6\DEBUG\DAY6.EXE
D:\MANISHPRASHANT\DAY6\DEBUG\DAY6.PDB
D:\manishprashant\day6\day6\Debug\main.obj
D:\manishprashant\day6\day6\Debug\cl.command.1.tlog
D:\manishprashant\day6\day6\Debug\CL.read.1.tlog
D:\manishprashant\day6\day6\Debug\CL.write.1.tlog
D:\manishprashant\day6\day6\Debug\link-cvtres.read.1.tlog
D:\manishprashant\day6\day6\Debug\link-cvtres.write.1.tlog
D:\manishprashant\day6\day6\Debug\link-rc.read.1.tlog
D:\manishprashant\day6\day6\Debug\link-rc.write.1.tlog
D:\manishprashant\day6\day6\Debug\link.8748-cvtres.read.1.tlog
D:\manishprashant\day6\day6\Debug\link.8748-cvtres.write.1.tlog
D:\manishprashant\day6\day6\Debug\link.8748-rc.read.1.tlog
D:\manishprashant\day6\day6\Debug\link.8748-rc.write.1.tlog
D:\manishprashant\day6\day6\Debug\link.8748.read.1.tlog
D:\manishprashant\day6\day6\Debug\link.8748.write.1.tlog
D:\manishprashant\day6\day6\Debug\link.command.1.tlog
D:\manishprashant\day6\day6\Debug\link.read.1.tlog
D:\manishprashant\day6\day6\Debug\link.write.1.tlog
D:\manishprashant\day6\day6\Debug\vc110.idb
D:\manishprashant\day6\day6\Debug\vc110.pdb
D:\manishprashant\day6\Debug\day6.pdb
D:\manishprashant\day6\Debug\day6.exe
D:\manishprashant\day6\Debug\day6.ilk
