D:\MANISHPRASHANT\DAY7\DAY7\DEBUG\MAIN.OBJ
D:\MANISHPRASHANT\DAY7\DAY7\DEBUG\VC110.PDB
D:\MANISHPRASHANT\DAY7\DEBUG\DAY7.ILK
D:\MANISHPRASHANT\DAY7\DEBUG\DAY7.EXE
D:\MANISHPRASHANT\DAY7\DEBUG\DAY7.PDB
D:\manishprashant\Day7\Day7\Debug\main.obj
D:\manishprashant\Day7\Day7\Debug\cl.command.1.tlog
D:\manishprashant\Day7\Day7\Debug\CL.read.1.tlog
D:\manishprashant\Day7\Day7\Debug\CL.write.1.tlog
D:\manishprashant\Day7\Day7\Debug\link-cvtres.read.1.tlog
D:\manishprashant\Day7\Day7\Debug\link-cvtres.write.1.tlog
D:\manishprashant\Day7\Day7\Debug\link-rc.read.1.tlog
D:\manishprashant\Day7\Day7\Debug\link-rc.write.1.tlog
D:\manishprashant\Day7\Day7\Debug\link.command.1.tlog
D:\manishprashant\Day7\Day7\Debug\link.read.1.tlog
D:\manishprashant\Day7\Day7\Debug\link.write.1.tlog
D:\manishprashant\Day7\Day7\Debug\vc110.idb
D:\manishprashant\Day7\Day7\Debug\vc110.pdb
D:\manishprashant\Day7\Debug\Day7.pdb
D:\manishprashant\Day7\Debug\Day7.exe
D:\manishprashant\Day7\Debug\Day7.ilk
