D:\MANISHPRASHANT\DAY4\DAY4\DEBUG\VC110.PDB
D:\MANISHPRASHANT\DAY4\DAY4\DEBUG\MAIN.OBJ
D:\MANISHPRASHANT\DAY4\DEBUG\DAY4.ILK
D:\MANISHPRASHANT\DAY4\DEBUG\DAY4.EXE
D:\MANISHPRASHANT\DAY4\DEBUG\DAY4.PDB
D:\manishprashant\day4\day4\Debug\main.obj
D:\manishprashant\day4\day4\Debug\cl.command.1.tlog
D:\manishprashant\day4\day4\Debug\CL.read.1.tlog
D:\manishprashant\day4\day4\Debug\CL.write.1.tlog
D:\manishprashant\day4\day4\Debug\link-cvtres.read.1.tlog
D:\manishprashant\day4\day4\Debug\link-cvtres.write.1.tlog
D:\manishprashant\day4\day4\Debug\link-rc.read.1.tlog
D:\manishprashant\day4\day4\Debug\link-rc.write.1.tlog
D:\manishprashant\day4\day4\Debug\link.7992-cvtres.read.1.tlog
D:\manishprashant\day4\day4\Debug\link.7992-cvtres.write.1.tlog
D:\manishprashant\day4\day4\Debug\link.7992-rc.read.1.tlog
D:\manishprashant\day4\day4\Debug\link.7992-rc.write.1.tlog
D:\manishprashant\day4\day4\Debug\link.7992.read.1.tlog
D:\manishprashant\day4\day4\Debug\link.7992.write.1.tlog
D:\manishprashant\day4\day4\Debug\link.8516-cvtres.read.1.tlog
D:\manishprashant\day4\day4\Debug\link.8516-cvtres.write.1.tlog
D:\manishprashant\day4\day4\Debug\link.8516-rc.read.1.tlog
D:\manishprashant\day4\day4\Debug\link.8516-rc.write.1.tlog
D:\manishprashant\day4\day4\Debug\link.8516.read.1.tlog
D:\manishprashant\day4\day4\Debug\link.8516.write.1.tlog
D:\manishprashant\day4\day4\Debug\link.command.1.tlog
D:\manishprashant\day4\day4\Debug\link.read.1.tlog
D:\manishprashant\day4\day4\Debug\link.write.1.tlog
D:\manishprashant\day4\day4\Debug\vc110.idb
D:\manishprashant\day4\day4\Debug\vc110.pdb
D:\manishprashant\day4\Debug\day4.pdb
D:\manishprashant\day4\Debug\day4.exe
D:\manishprashant\day4\Debug\day4.ilk
